11-04|15:00:00.816 Called deposit with args: --amount="0.0001" --bridge="0x9141eBa24846567491e1FB535c02085b33306573" --decimals="18" --domain="1" --gas-limit="6721975" --gas-price="25000000000" --help="false" --json-wallet="" --json-wallet-password="" --network="0" --prepare="false" --priority="none" --private-key="bfafb7a7a2e90864303d477b71e1c1c64c2059a82f85c4706b6c6ceec8473959" --recipient="0xF7208401386b1dc834561C92f33910E337bf00c0" --resource="0x00000000000000000000004f15f11d4689646012722CB556315705259866B400" --url="https://eth-sepolia.g.alchemy.com/v2/PaJAj1lmAhB1PsZcWXTA23E3TxecE8VS" =>
ERC20 deposit [36mamount=[0m100000000000000 [36mrecipient=[0m0xF7208401386b1dc834561C92f33910E337bf00c0 [36mresourceID=[0m0x00000000000000000000004f15f11d4689646012722cb556315705259866b400
method deposit executed [36mcontract=[0m0x9141eBa24846567491e1FB535c02085b33306573 [36mtxHash=[0m0x0dabf8eb807539472144876fcff024b07da129b5e0018f0ef00e0808dbde2893
Time finish deposit (T0): 40.515079693s
0.0001 tokens were transferred to 0xF7208401386b1dc834561C92f33910E337bf00c0 from 0xF7208401386b1dc834561C92f33910E337bf00c0 with hash 0x0dabf8eb807539472144876fcff024b07da129b5e0018f0ef00e0808dbde2893
11-04|15:00:00.312 Called deposit with args: --amount="0.0001" --bridge="0x9141eBa24846567491e1FB535c02085b33306573" --decimals="18" --domain="1" --gas-limit="6721975" --gas-price="25000000000" --help="false" --json-wallet="" --json-wallet-password="" --network="0" --prepare="false" --priority="none" --private-key="bfafb7a7a2e90864303d477b71e1c1c64c2059a82f85c4706b6c6ceec8473959" --recipient="0xF7208401386b1dc834561C92f33910E337bf00c0" --resource="0x00000000000000000000004f15f11d4689646012722CB556315705259866B400" --url="https://eth-sepolia.g.alchemy.com/v2/PaJAj1lmAhB1PsZcWXTA23E3TxecE8VS" =>
ERC20 deposit [36mamount=[0m100000000000000 [36mrecipient=[0m0xF7208401386b1dc834561C92f33910E337bf00c0 [36mresourceID=[0m0x00000000000000000000004f15f11d4689646012722cb556315705259866b400
method deposit executed [36mcontract=[0m0x9141eBa24846567491e1FB535c02085b33306573 [36mtxHash=[0m0xf375f3314a463061f14fa96649c23d55d331aa348a4320a128e252066ad28bf5
Time finish deposit (T0): 8.085355595s
0.0001 tokens were transferred to 0xF7208401386b1dc834561C92f33910E337bf00c0 from 0xF7208401386b1dc834561C92f33910E337bf00c0 with hash 0xf375f3314a463061f14fa96649c23d55d331aa348a4320a128e252066ad28bf5
11-04|15:00:00.293 Called deposit with args: --amount="0.0001" --bridge="0x9141eBa24846567491e1FB535c02085b33306573" --decimals="18" --domain="1" --gas-limit="6721975" --gas-price="25000000000" --help="false" --json-wallet="" --json-wallet-password="" --network="0" --prepare="false" --priority="none" --private-key="bfafb7a7a2e90864303d477b71e1c1c64c2059a82f85c4706b6c6ceec8473959" --recipient="0xF7208401386b1dc834561C92f33910E337bf00c0" --resource="0x00000000000000000000004f15f11d4689646012722CB556315705259866B400" --url="https://eth-sepolia.g.alchemy.com/v2/PaJAj1lmAhB1PsZcWXTA23E3TxecE8VS" =>
ERC20 deposit [36mamount=[0m100000000000000 [36mrecipient=[0m0xF7208401386b1dc834561C92f33910E337bf00c0 [36mresourceID=[0m0x00000000000000000000004f15f11d4689646012722cb556315705259866b400
method deposit executed [36mcontract=[0m0x9141eBa24846567491e1FB535c02085b33306573 [36mtxHash=[0m0xc3d34ac34082a3441312a097b4e6025de1aa19b1f5428fb22b0f3e7304defb58
Time finish deposit (T0): 13.203493736s
0.0001 tokens were transferred to 0xF7208401386b1dc834561C92f33910E337bf00c0 from 0xF7208401386b1dc834561C92f33910E337bf00c0 with hash 0xc3d34ac34082a3441312a097b4e6025de1aa19b1f5428fb22b0f3e7304defb58
11-04|15:00:00.285 Called deposit with args: --amount="0.0001" --bridge="0x9141eBa24846567491e1FB535c02085b33306573" --decimals="18" --domain="1" --gas-limit="6721975" --gas-price="25000000000" --help="false" --json-wallet="" --json-wallet-password="" --network="0" --prepare="false" --priority="none" --private-key="bfafb7a7a2e90864303d477b71e1c1c64c2059a82f85c4706b6c6ceec8473959" --recipient="0xF7208401386b1dc834561C92f33910E337bf00c0" --resource="0x00000000000000000000004f15f11d4689646012722CB556315705259866B400" --url="https://eth-sepolia.g.alchemy.com/v2/PaJAj1lmAhB1PsZcWXTA23E3TxecE8VS" =>
ERC20 deposit [36mamount=[0m100000000000000 [36mrecipient=[0m0xF7208401386b1dc834561C92f33910E337bf00c0 [36mresourceID=[0m0x00000000000000000000004f15f11d4689646012722cb556315705259866b400
method deposit executed [36mcontract=[0m0x9141eBa24846567491e1FB535c02085b33306573 [36mtxHash=[0m0x28958f86ce9e2654f532e044512bf288f7966cadca19b6957e4501ddaf64f0aa
Time finish deposit (T0): 1m1.832745741s
0.0001 tokens were transferred to 0xF7208401386b1dc834561C92f33910E337bf00c0 from 0xF7208401386b1dc834561C92f33910E337bf00c0 with hash 0x28958f86ce9e2654f532e044512bf288f7966cadca19b6957e4501ddaf64f0aa
11-04|15:00:00.982 Called deposit with args: --amount="0.0001" --bridge="0x9141eBa24846567491e1FB535c02085b33306573" --decimals="18" --domain="1" --gas-limit="6721975" --gas-price="25000000000" --help="false" --json-wallet="" --json-wallet-password="" --network="0" --prepare="false" --priority="none" --private-key="bfafb7a7a2e90864303d477b71e1c1c64c2059a82f85c4706b6c6ceec8473959" --recipient="0xF7208401386b1dc834561C92f33910E337bf00c0" --resource="0x00000000000000000000004f15f11d4689646012722CB556315705259866B400" --url="https://eth-sepolia.g.alchemy.com/v2/PaJAj1lmAhB1PsZcWXTA23E3TxecE8VS" =>
ERC20 deposit [36mamount=[0m100000000000000 [36mrecipient=[0m0xF7208401386b1dc834561C92f33910E337bf00c0 [36mresourceID=[0m0x00000000000000000000004f15f11d4689646012722cb556315705259866b400
method deposit executed [36mcontract=[0m0x9141eBa24846567491e1FB535c02085b33306573 [36mtxHash=[0m0xe8c34b393df5091850d9633f7ec14720d39c9ec2ac378d692fcd3d2747bfa1fd
Time finish deposit (T0): 24.590939201s
0.0001 tokens were transferred to 0xF7208401386b1dc834561C92f33910E337bf00c0 from 0xF7208401386b1dc834561C92f33910E337bf00c0 with hash 0xe8c34b393df5091850d9633f7ec14720d39c9ec2ac378d692fcd3d2747bfa1fd
11-04|15:00:00.137 Called deposit with args: --amount="0.0001" --bridge="0x9141eBa24846567491e1FB535c02085b33306573" --decimals="18" --domain="1" --gas-limit="6721975" --gas-price="25000000000" --help="false" --json-wallet="" --json-wallet-password="" --network="0" --prepare="false" --priority="none" --private-key="bfafb7a7a2e90864303d477b71e1c1c64c2059a82f85c4706b6c6ceec8473959" --recipient="0xF7208401386b1dc834561C92f33910E337bf00c0" --resource="0x00000000000000000000004f15f11d4689646012722CB556315705259866B400" --url="https://eth-sepolia.g.alchemy.com/v2/PaJAj1lmAhB1PsZcWXTA23E3TxecE8VS" =>
ERC20 deposit [36mamount=[0m100000000000000 [36mrecipient=[0m0xF7208401386b1dc834561C92f33910E337bf00c0 [36mresourceID=[0m0x00000000000000000000004f15f11d4689646012722cb556315705259866b400
method deposit executed [36mcontract=[0m0x9141eBa24846567491e1FB535c02085b33306573 [36mtxHash=[0m0xc162ce1f2e5a079c5a3ed6a71133cef4f8d7bf6cfba7c40ff5d978e736f63d64
Time finish deposit (T0): 29.119788682s
0.0001 tokens were transferred to 0xF7208401386b1dc834561C92f33910E337bf00c0 from 0xF7208401386b1dc834561C92f33910E337bf00c0 with hash 0xc162ce1f2e5a079c5a3ed6a71133cef4f8d7bf6cfba7c40ff5d978e736f63d64
11-04|15:00:00.437 Called deposit with args: --amount="0.0001" --bridge="0x9141eBa24846567491e1FB535c02085b33306573" --decimals="18" --domain="1" --gas-limit="6721975" --gas-price="25000000000" --help="false" --json-wallet="" --json-wallet-password="" --network="0" --prepare="false" --priority="none" --private-key="bfafb7a7a2e90864303d477b71e1c1c64c2059a82f85c4706b6c6ceec8473959" --recipient="0xF7208401386b1dc834561C92f33910E337bf00c0" --resource="0x00000000000000000000004f15f11d4689646012722CB556315705259866B400" --url="https://eth-sepolia.g.alchemy.com/v2/PaJAj1lmAhB1PsZcWXTA23E3TxecE8VS" =>
ERC20 deposit [36mamount=[0m100000000000000 [36mrecipient=[0m0xF7208401386b1dc834561C92f33910E337bf00c0 [36mresourceID=[0m0x00000000000000000000004f15f11d4689646012722cb556315705259866b400
method deposit executed [36mcontract=[0m0x9141eBa24846567491e1FB535c02085b33306573 [36mtxHash=[0m0xfdc290c61f5bec53f00fabbb434c5c7c9e27a79bb1a55f9e642f8a2655829884
Time finish deposit (T0): 7.873720728s
0.0001 tokens were transferred to 0xF7208401386b1dc834561C92f33910E337bf00c0 from 0xF7208401386b1dc834561C92f33910E337bf00c0 with hash 0xfdc290c61f5bec53f00fabbb434c5c7c9e27a79bb1a55f9e642f8a2655829884
11-04|15:00:00.504 Called deposit with args: --amount="0.0001" --bridge="0x9141eBa24846567491e1FB535c02085b33306573" --decimals="18" --domain="1" --gas-limit="6721975" --gas-price="25000000000" --help="false" --json-wallet="" --json-wallet-password="" --network="0" --prepare="false" --priority="none" --private-key="bfafb7a7a2e90864303d477b71e1c1c64c2059a82f85c4706b6c6ceec8473959" --recipient="0xF7208401386b1dc834561C92f33910E337bf00c0" --resource="0x00000000000000000000004f15f11d4689646012722CB556315705259866B400" --url="https://eth-sepolia.g.alchemy.com/v2/PaJAj1lmAhB1PsZcWXTA23E3TxecE8VS" =>
failed to open log file [31merror=[0m[31m"open ./example/log2.txt: no such file or directory"[0m
11-04|15:00:00.888 Called deposit with args: --amount="0.0001" --bridge="0x9141eBa24846567491e1FB535c02085b33306573" --decimals="18" --domain="1" --gas-limit="6721975" --gas-price="25000000000" --help="false" --json-wallet="" --json-wallet-password="" --network="0" --prepare="false" --priority="none" --private-key="bfafb7a7a2e90864303d477b71e1c1c64c2059a82f85c4706b6c6ceec8473959" --recipient="0xF7208401386b1dc834561C92f33910E337bf00c0" --resource="0x00000000000000000000004f15f11d4689646012722CB556315705259866B400" --url="https://eth-sepolia.g.alchemy.com/v2/PaJAj1lmAhB1PsZcWXTA23E3TxecE8VS" =>
failed to open log file [31merror=[0m[31m"open ./example/log2.txt: no such file or directory"[0m
11-04|15:00:00.056 Called deposit with args: --amount="0.0001" --bridge="0x9141eBa24846567491e1FB535c02085b33306573" --decimals="18" --domain="1" --gas-limit="6721975" --gas-price="25000000000" --help="false" --json-wallet="" --json-wallet-password="" --network="0" --prepare="false" --priority="none" --private-key="bfafb7a7a2e90864303d477b71e1c1c64c2059a82f85c4706b6c6ceec8473959" --recipient="0xF7208401386b1dc834561C92f33910E337bf00c0" --resource="0x00000000000000000000004f15f11d4689646012722CB556315705259866B400" --url="https://eth-sepolia.g.alchemy.com/v2/PaJAj1lmAhB1PsZcWXTA23E3TxecE8VS" =>
failed to open log file [31merror=[0m[31m"open ./example/log2.txt: no such file or directory"[0m
11-04|15:00:00.817 Called deposit with args: --amount="0.0001" --bridge="0x9141eBa24846567491e1FB535c02085b33306573" --decimals="18" --domain="1" --gas-limit="6721975" --gas-price="25000000000" --help="false" --json-wallet="" --json-wallet-password="" --network="0" --prepare="false" --priority="none" --private-key="bfafb7a7a2e90864303d477b71e1c1c64c2059a82f85c4706b6c6ceec8473959" --recipient="0xF7208401386b1dc834561C92f33910E337bf00c0" --resource="0x00000000000000000000004f15f11d4689646012722CB556315705259866B400" --url="https://eth-sepolia.g.alchemy.com/v2/PaJAj1lmAhB1PsZcWXTA23E3TxecE8VS" =>
ERC20 deposit [36mamount=[0m100000000000000 [36mrecipient=[0m0xF7208401386b1dc834561C92f33910E337bf00c0 [36mresourceID=[0m0x00000000000000000000004f15f11d4689646012722cb556315705259866b400
method deposit executed [36mcontract=[0m0x9141eBa24846567491e1FB535c02085b33306573 [36mtxHash=[0m0x8212eecf791ba65c484a555caf24d7471504fd12c9219a1f4b402680257f2035
0.0001 tokens were transferred to 0xF7208401386b1dc834561C92f33910E337bf00c0 from 0xF7208401386b1dc834561C92f33910E337bf00c0 with hash 0x8212eecf791ba65c484a555caf24d7471504fd12c9219a1f4b402680257f2035
11-04|15:00:00.129 Called deposit with args: --amount="0.0001" --bridge="0x9141eBa24846567491e1FB535c02085b33306573" --decimals="18" --domain="1" --gas-limit="6721975" --gas-price="25000000000" --help="false" --json-wallet="" --json-wallet-password="" --network="0" --prepare="false" --priority="none" --private-key="bfafb7a7a2e90864303d477b71e1c1c64c2059a82f85c4706b6c6ceec8473959" --recipient="0xF7208401386b1dc834561C92f33910E337bf00c0" --resource="0x00000000000000000000004f15f11d4689646012722CB556315705259866B400" --url="https://eth-sepolia.g.alchemy.com/v2/PaJAj1lmAhB1PsZcWXTA23E3TxecE8VS" =>
ERC20 deposit [36mamount=[0m100000000000000 [36mrecipient=[0m0xF7208401386b1dc834561C92f33910E337bf00c0 [36mresourceID=[0m0x00000000000000000000004f15f11d4689646012722cb556315705259866b400
method deposit executed [36mcontract=[0m0x9141eBa24846567491e1FB535c02085b33306573 [36mtxHash=[0m0x92a49e89284a8d4be75ae9ed6573aa1ddb531a7cdc03b9f50c2a28ffd5575577
0.0001 tokens were transferred to 0xF7208401386b1dc834561C92f33910E337bf00c0 from 0xF7208401386b1dc834561C92f33910E337bf00c0 with hash 0x92a49e89284a8d4be75ae9ed6573aa1ddb531a7cdc03b9f50c2a28ffd5575577
11-04|16:00:00.064 Called deposit with args: --amount="0.0001" --bridge="0x9141eBa24846567491e1FB535c02085b33306573" --decimals="18" --domain="1" --gas-limit="6721975" --gas-price="25000000000" --help="false" --json-wallet="" --json-wallet-password="" --network="0" --prepare="false" --priority="none" --private-key="bfafb7a7a2e90864303d477b71e1c1c64c2059a82f85c4706b6c6ceec8473959" --recipient="0xF7208401386b1dc834561C92f33910E337bf00c0" --resource="0x00000000000000000000004f15f11d4689646012722CB556315705259866B400" --url="https://eth-sepolia.g.alchemy.com/v2/PaJAj1lmAhB1PsZcWXTA23E3TxecE8VS" =>
ERC20 deposit [36mamount=[0m100000000000000 [36mrecipient=[0m0xF7208401386b1dc834561C92f33910E337bf00c0 [36mresourceID=[0m0x00000000000000000000004f15f11d4689646012722cb556315705259866b400
method deposit executed [36mcontract=[0m0x9141eBa24846567491e1FB535c02085b33306573 [36mtxHash=[0m0x74ca39e5a7ab529ab22f14deffd4cc855e45f9f20982d5f20b5315388931da23
0.0001 tokens were transferred to 0xF7208401386b1dc834561C92f33910E337bf00c0 from 0xF7208401386b1dc834561C92f33910E337bf00c0 with hash 0x74ca39e5a7ab529ab22f14deffd4cc855e45f9f20982d5f20b5315388931da23
11-04|16:00:00.276 Called deposit with args: --amount="0.0001" --bridge="0x9141eBa24846567491e1FB535c02085b33306573" --decimals="18" --domain="1" --gas-limit="6721975" --gas-price="25000000000" --help="false" --json-wallet="" --json-wallet-password="" --network="0" --prepare="false" --priority="none" --private-key="bfafb7a7a2e90864303d477b71e1c1c64c2059a82f85c4706b6c6ceec8473959" --recipient="0xF7208401386b1dc834561C92f33910E337bf00c0" --resource="0x00000000000000000000004f15f11d4689646012722CB556315705259866B400" --url="https://eth-sepolia.g.alchemy.com/v2/PaJAj1lmAhB1PsZcWXTA23E3TxecE8VS" =>
ERC20 deposit [36mamount=[0m100000000000000 [36mrecipient=[0m0xF7208401386b1dc834561C92f33910E337bf00c0 [36mresourceID=[0m0x00000000000000000000004f15f11d4689646012722cb556315705259866b400
method deposit executed [36mcontract=[0m0x9141eBa24846567491e1FB535c02085b33306573 [36mtxHash=[0m0x579888d2289438ca49f4b3b7a2ab1f5819850c577803ce7d55a8796e32e1b653
0.0001 tokens were transferred to 0xF7208401386b1dc834561C92f33910E337bf00c0 from 0xF7208401386b1dc834561C92f33910E337bf00c0 with hash 0x579888d2289438ca49f4b3b7a2ab1f5819850c577803ce7d55a8796e32e1b653
11-04|16:00:00.463 Called deposit with args: --amount="0.0001" --bridge="0x9141eBa24846567491e1FB535c02085b33306573" --decimals="18" --domain="1" --gas-limit="6721975" --gas-price="25000000000" --help="false" --json-wallet="" --json-wallet-password="" --network="0" --prepare="false" --priority="none" --private-key="bfafb7a7a2e90864303d477b71e1c1c64c2059a82f85c4706b6c6ceec8473959" --recipient="0xF7208401386b1dc834561C92f33910E337bf00c0" --resource="0x00000000000000000000004f15f11d4689646012722CB556315705259866B400" --url="https://eth-sepolia.g.alchemy.com/v2/PaJAj1lmAhB1PsZcWXTA23E3TxecE8VS" =>
ERC20 deposit [36mamount=[0m100000000000000 [36mrecipient=[0m0xF7208401386b1dc834561C92f33910E337bf00c0 [36mresourceID=[0m0x00000000000000000000004f15f11d4689646012722cb556315705259866b400
method deposit executed [36mcontract=[0m0x9141eBa24846567491e1FB535c02085b33306573 [36mtxHash=[0m0xc9e256a8755aaaddc1227d5c11c9c2f5b9548286c9ba23986b699c8c6dcbf8e9
0.0001 tokens were transferred to 0xF7208401386b1dc834561C92f33910E337bf00c0 from 0xF7208401386b1dc834561C92f33910E337bf00c0 with hash 0xc9e256a8755aaaddc1227d5c11c9c2f5b9548286c9ba23986b699c8c6dcbf8e9
11-04|17:00:00.613 Called deposit with args: --amount="0.0001" --bridge="0x9141eBa24846567491e1FB535c02085b33306573" --decimals="18" --domain="1" --gas-limit="6721975" --gas-price="25000000000" --help="false" --json-wallet="" --json-wallet-password="" --network="0" --prepare="false" --priority="none" --private-key="bfafb7a7a2e90864303d477b71e1c1c64c2059a82f85c4706b6c6ceec8473959" --recipient="0xF7208401386b1dc834561C92f33910E337bf00c0" --resource="0x00000000000000000000004f15f11d4689646012722CB556315705259866B400" --url="https://eth-sepolia.g.alchemy.com/v2/PaJAj1lmAhB1PsZcWXTA23E3TxecE8VS" =>
ERC20 deposit [36mamount=[0m100000000000000 [36mrecipient=[0m0xF7208401386b1dc834561C92f33910E337bf00c0 [36mresourceID=[0m0x00000000000000000000004f15f11d4689646012722cb556315705259866b400
method deposit executed [36mcontract=[0m0x9141eBa24846567491e1FB535c02085b33306573 [36mtxHash=[0m0x53c819af92946c72f1eaad3aea265b6534a32c735928dc19eb053c216821de8e
0.0001 tokens were transferred to 0xF7208401386b1dc834561C92f33910E337bf00c0 from 0xF7208401386b1dc834561C92f33910E337bf00c0 with hash 0x53c819af92946c72f1eaad3aea265b6534a32c735928dc19eb053c216821de8e
11-04|17:00:00.283 Called deposit with args: --amount="0.0001" --bridge="0x9141eBa24846567491e1FB535c02085b33306573" --decimals="18" --domain="1" --gas-limit="6721975" --gas-price="25000000000" --help="false" --json-wallet="" --json-wallet-password="" --network="0" --prepare="false" --priority="none" --private-key="bfafb7a7a2e90864303d477b71e1c1c64c2059a82f85c4706b6c6ceec8473959" --recipient="0xF7208401386b1dc834561C92f33910E337bf00c0" --resource="0x00000000000000000000004f15f11d4689646012722CB556315705259866B400" --url="https://eth-sepolia.g.alchemy.com/v2/PaJAj1lmAhB1PsZcWXTA23E3TxecE8VS" =>
ERC20 deposit [36mamount=[0m100000000000000 [36mrecipient=[0m0xF7208401386b1dc834561C92f33910E337bf00c0 [36mresourceID=[0m0x00000000000000000000004f15f11d4689646012722cb556315705259866b400
method deposit executed [36mcontract=[0m0x9141eBa24846567491e1FB535c02085b33306573 [36mtxHash=[0m0xa028edc416ec8e339522a88af7b3175c736484a3a16eeb7dc7416863948735bd
0.0001 tokens were transferred to 0xF7208401386b1dc834561C92f33910E337bf00c0 from 0xF7208401386b1dc834561C92f33910E337bf00c0 with hash 0xa028edc416ec8e339522a88af7b3175c736484a3a16eeb7dc7416863948735bd
12-04|08:00:00.092 Called deposit with args: --amount="0.0001" --bridge="0x9141eBa24846567491e1FB535c02085b33306573" --decimals="18" --domain="1" --gas-limit="6721975" --gas-price="25000000000" --help="false" --json-wallet="" --json-wallet-password="" --network="0" --prepare="false" --priority="none" --private-key="bfafb7a7a2e90864303d477b71e1c1c64c2059a82f85c4706b6c6ceec8473959" --recipient="0xF7208401386b1dc834561C92f33910E337bf00c0" --resource="0x00000000000000000000004f15f11d4689646012722CB556315705259866B400" --url="https://eth-sepolia.g.alchemy.com/v2/PaJAj1lmAhB1PsZcWXTA23E3TxecE8VS" =>
ERC20 deposit [36mamount=[0m100000000000000 [36mrecipient=[0m0xF7208401386b1dc834561C92f33910E337bf00c0 [36mresourceID=[0m0x00000000000000000000004f15f11d4689646012722cb556315705259866b400
method deposit executed [36mcontract=[0m0x9141eBa24846567491e1FB535c02085b33306573 [36mtxHash=[0m0x82424a9497c2c9d0528632909b01ff96c227cce9236f6be1be17a8abff6ca6f6
0.0001 tokens were transferred to 0xF7208401386b1dc834561C92f33910E337bf00c0 from 0xF7208401386b1dc834561C92f33910E337bf00c0 with hash 0x82424a9497c2c9d0528632909b01ff96c227cce9236f6be1be17a8abff6ca6f6
12-04|09:00:00.168 Called deposit with args: --amount="0.0001" --bridge="0x9141eBa24846567491e1FB535c02085b33306573" --decimals="18" --domain="1" --gas-limit="6721975" --gas-price="25000000000" --help="false" --json-wallet="" --json-wallet-password="" --network="0" --prepare="false" --priority="none" --private-key="bfafb7a7a2e90864303d477b71e1c1c64c2059a82f85c4706b6c6ceec8473959" --recipient="0xF7208401386b1dc834561C92f33910E337bf00c0" --resource="0x00000000000000000000004f15f11d4689646012722CB556315705259866B400" --url="https://eth-sepolia.g.alchemy.com/v2/PaJAj1lmAhB1PsZcWXTA23E3TxecE8VS" =>
ERC20 deposit [36mamount=[0m100000000000000 [36mrecipient=[0m0xF7208401386b1dc834561C92f33910E337bf00c0 [36mresourceID=[0m0x00000000000000000000004f15f11d4689646012722cb556315705259866b400
method deposit executed [36mcontract=[0m0x9141eBa24846567491e1FB535c02085b33306573 [36mtxHash=[0m0xcd838d3608ce31723d014a65614ffb43463cb72526faffdaa2f01e33f2f4b913
0.0001 tokens were transferred to 0xF7208401386b1dc834561C92f33910E337bf00c0 from 0xF7208401386b1dc834561C92f33910E337bf00c0 with hash 0xcd838d3608ce31723d014a65614ffb43463cb72526faffdaa2f01e33f2f4b913
12-04|09:00:00.225 Called deposit with args: --amount="0.0001" --bridge="0x9141eBa24846567491e1FB535c02085b33306573" --decimals="18" --domain="1" --gas-limit="6721975" --gas-price="25000000000" --help="false" --json-wallet="" --json-wallet-password="" --network="0" --prepare="false" --priority="none" --private-key="bfafb7a7a2e90864303d477b71e1c1c64c2059a82f85c4706b6c6ceec8473959" --recipient="0xF7208401386b1dc834561C92f33910E337bf00c0" --resource="0x00000000000000000000004f15f11d4689646012722CB556315705259866B400" --url="https://eth-sepolia.g.alchemy.com/v2/PaJAj1lmAhB1PsZcWXTA23E3TxecE8VS" =>
ERC20 deposit [36mamount=[0m100000000000000 [36mrecipient=[0m0xF7208401386b1dc834561C92f33910E337bf00c0 [36mresourceID=[0m0x00000000000000000000004f15f11d4689646012722cb556315705259866b400
method deposit executed [36mcontract=[0m0x9141eBa24846567491e1FB535c02085b33306573 [36mtxHash=[0m0x685378ccf2a8bf3c081efb0d86711abeea92b86d2c8c3c12bf250661b3c6b4e8
0.0001 tokens were transferred to 0xF7208401386b1dc834561C92f33910E337bf00c0 from 0xF7208401386b1dc834561C92f33910E337bf00c0 with hash 0x685378ccf2a8bf3c081efb0d86711abeea92b86d2c8c3c12bf250661b3c6b4e8
12-04|09:00:00.895 Called deposit with args: --amount="0.0001" --bridge="0x9141eBa24846567491e1FB535c02085b33306573" --decimals="18" --domain="1" --gas-limit="6721975" --gas-price="25000000000" --help="false" --json-wallet="" --json-wallet-password="" --network="0" --prepare="false" --priority="none" --private-key="bfafb7a7a2e90864303d477b71e1c1c64c2059a82f85c4706b6c6ceec8473959" --recipient="0xF7208401386b1dc834561C92f33910E337bf00c0" --resource="0x00000000000000000000004f15f11d4689646012722CB556315705259866B400" --url="https://eth-sepolia.g.alchemy.com/v2/PaJAj1lmAhB1PsZcWXTA23E3TxecE8VS" =>
ERC20 deposit [36mamount=[0m100000000000000 [36mrecipient=[0m0xF7208401386b1dc834561C92f33910E337bf00c0 [36mresourceID=[0m0x00000000000000000000004f15f11d4689646012722cb556315705259866b400
method deposit executed [36mcontract=[0m0x9141eBa24846567491e1FB535c02085b33306573 [36mtxHash=[0m0x8f54cc05eb448c08eed01a9efde748987ae235d9b1218b6af51bc36663039702
0.0001 tokens were transferred to 0xF7208401386b1dc834561C92f33910E337bf00c0 from 0xF7208401386b1dc834561C92f33910E337bf00c0 with hash 0x8f54cc05eb448c08eed01a9efde748987ae235d9b1218b6af51bc36663039702
12-04|09:00:00.151 Called deposit with args: --amount="0.0001" --bridge="0x9141eBa24846567491e1FB535c02085b33306573" --decimals="18" --domain="1" --gas-limit="6721975" --gas-price="25000000000" --help="false" --json-wallet="" --json-wallet-password="" --network="0" --prepare="false" --priority="none" --private-key="bfafb7a7a2e90864303d477b71e1c1c64c2059a82f85c4706b6c6ceec8473959" --recipient="0xF7208401386b1dc834561C92f33910E337bf00c0" --resource="0x00000000000000000000004f15f11d4689646012722CB556315705259866B400" --url="https://eth-sepolia.g.alchemy.com/v2/PaJAj1lmAhB1PsZcWXTA23E3TxecE8VS" =>
ERC20 deposit [36mamount=[0m100000000000000 [36mrecipient=[0m0xF7208401386b1dc834561C92f33910E337bf00c0 [36mresourceID=[0m0x00000000000000000000004f15f11d4689646012722cb556315705259866b400
method deposit executed [36mcontract=[0m0x9141eBa24846567491e1FB535c02085b33306573 [36mtxHash=[0m0xa5b0786a0c39e4732675a1b552c4a49f0d110825b9dfc105ed8c6f41e5dda2ae
0.0001 tokens were transferred to 0xF7208401386b1dc834561C92f33910E337bf00c0 from 0xF7208401386b1dc834561C92f33910E337bf00c0 with hash 0xa5b0786a0c39e4732675a1b552c4a49f0d110825b9dfc105ed8c6f41e5dda2ae
12-04|10:00:00.072 Called deposit with args: --amount="0.0001" --bridge="0x9141eBa24846567491e1FB535c02085b33306573" --decimals="18" --domain="1" --gas-limit="6721975" --gas-price="25000000000" --help="false" --json-wallet="" --json-wallet-password="" --network="0" --prepare="false" --priority="none" --private-key="bfafb7a7a2e90864303d477b71e1c1c64c2059a82f85c4706b6c6ceec8473959" --recipient="0xF7208401386b1dc834561C92f33910E337bf00c0" --resource="0x00000000000000000000004f15f11d4689646012722CB556315705259866B400" --url="https://eth-sepolia.g.alchemy.com/v2/PaJAj1lmAhB1PsZcWXTA23E3TxecE8VS" =>
ERC20 deposit [36mamount=[0m100000000000000 [36mrecipient=[0m0xF7208401386b1dc834561C92f33910E337bf00c0 [36mresourceID=[0m0x00000000000000000000004f15f11d4689646012722cb556315705259866b400
method deposit executed [36mcontract=[0m0x9141eBa24846567491e1FB535c02085b33306573 [36mtxHash=[0m0x8b0222424ba340533a2dc7547470dbb354d2a9e9bf6c20177960b7fe74eb8926
0.0001 tokens were transferred to 0xF7208401386b1dc834561C92f33910E337bf00c0 from 0xF7208401386b1dc834561C92f33910E337bf00c0 with hash 0x8b0222424ba340533a2dc7547470dbb354d2a9e9bf6c20177960b7fe74eb8926
12-04|10:00:00.501 Called deposit with args: --amount="0.0001" --bridge="0x9141eBa24846567491e1FB535c02085b33306573" --decimals="18" --domain="1" --gas-limit="6721975" --gas-price="25000000000" --help="false" --json-wallet="" --json-wallet-password="" --network="0" --prepare="false" --priority="none" --private-key="bfafb7a7a2e90864303d477b71e1c1c64c2059a82f85c4706b6c6ceec8473959" --recipient="0xF7208401386b1dc834561C92f33910E337bf00c0" --resource="0x00000000000000000000004f15f11d4689646012722CB556315705259866B400" --url="https://eth-sepolia.g.alchemy.com/v2/PaJAj1lmAhB1PsZcWXTA23E3TxecE8VS" =>
ERC20 deposit [36mamount=[0m100000000000000 [36mrecipient=[0m0xF7208401386b1dc834561C92f33910E337bf00c0 [36mresourceID=[0m0x00000000000000000000004f15f11d4689646012722cb556315705259866b400
method deposit executed [36mcontract=[0m0x9141eBa24846567491e1FB535c02085b33306573 [36mtxHash=[0m0x0b981a6ee47beefbbc40f85e9ef43a657946a3c91d106a0e20ca23a45ff6b0fb
0.0001 tokens were transferred to 0xF7208401386b1dc834561C92f33910E337bf00c0 from 0xF7208401386b1dc834561C92f33910E337bf00c0 with hash 0x0b981a6ee47beefbbc40f85e9ef43a657946a3c91d106a0e20ca23a45ff6b0fb
12-04|10:00:00.308 Called deposit with args: --amount="0.0001" --bridge="0x9141eBa24846567491e1FB535c02085b33306573" --decimals="18" --domain="1" --gas-limit="6721975" --gas-price="25000000000" --help="false" --json-wallet="" --json-wallet-password="" --network="0" --prepare="false" --priority="none" --private-key="bfafb7a7a2e90864303d477b71e1c1c64c2059a82f85c4706b6c6ceec8473959" --recipient="0xF7208401386b1dc834561C92f33910E337bf00c0" --resource="0x00000000000000000000004f15f11d4689646012722CB556315705259866B400" --url="https://eth-sepolia.g.alchemy.com/v2/PaJAj1lmAhB1PsZcWXTA23E3TxecE8VS" =>
ERC20 deposit [36mamount=[0m100000000000000 [36mrecipient=[0m0xF7208401386b1dc834561C92f33910E337bf00c0 [36mresourceID=[0m0x00000000000000000000004f15f11d4689646012722cb556315705259866b400
method deposit executed [36mcontract=[0m0x9141eBa24846567491e1FB535c02085b33306573 [36mtxHash=[0m0x5183b2c1ae2d68ee168eb193b13d0fd72de6c4c3d3b3b289740a3cec38f17bc3
0.0001 tokens were transferred to 0xF7208401386b1dc834561C92f33910E337bf00c0 from 0xF7208401386b1dc834561C92f33910E337bf00c0 with hash 0x5183b2c1ae2d68ee168eb193b13d0fd72de6c4c3d3b3b289740a3cec38f17bc3
12-04|10:00:00.391 Called deposit with args: --amount="0.0001" --bridge="0x9141eBa24846567491e1FB535c02085b33306573" --decimals="18" --domain="1" --gas-limit="6721975" --gas-price="25000000000" --help="false" --json-wallet="" --json-wallet-password="" --network="0" --prepare="false" --priority="none" --private-key="bfafb7a7a2e90864303d477b71e1c1c64c2059a82f85c4706b6c6ceec8473959" --recipient="0xF7208401386b1dc834561C92f33910E337bf00c0" --resource="0x00000000000000000000004f15f11d4689646012722CB556315705259866B400" --url="https://eth-sepolia.g.alchemy.com/v2/PaJAj1lmAhB1PsZcWXTA23E3TxecE8VS" =>
ERC20 deposit [36mamount=[0m100000000000000 [36mrecipient=[0m0xF7208401386b1dc834561C92f33910E337bf00c0 [36mresourceID=[0m0x00000000000000000000004f15f11d4689646012722cb556315705259866b400
method deposit executed [36mcontract=[0m0x9141eBa24846567491e1FB535c02085b33306573 [36mtxHash=[0m0xbce526e68a24e07957582c1882bcf80cdb1c67de655518f8296c406d2ff782ac
0.0001 tokens were transferred to 0xF7208401386b1dc834561C92f33910E337bf00c0 from 0xF7208401386b1dc834561C92f33910E337bf00c0 with hash 0xbce526e68a24e07957582c1882bcf80cdb1c67de655518f8296c406d2ff782ac
12-04|10:00:00.114 Called deposit with args: --amount="0.0001" --bridge="0x9141eBa24846567491e1FB535c02085b33306573" --decimals="18" --domain="1" --gas-limit="6721975" --gas-price="25000000000" --help="false" --json-wallet="" --json-wallet-password="" --network="0" --prepare="false" --priority="none" --private-key="bfafb7a7a2e90864303d477b71e1c1c64c2059a82f85c4706b6c6ceec8473959" --recipient="0xF7208401386b1dc834561C92f33910E337bf00c0" --resource="0x00000000000000000000004f15f11d4689646012722CB556315705259866B400" --url="https://eth-sepolia.g.alchemy.com/v2/PaJAj1lmAhB1PsZcWXTA23E3TxecE8VS" =>
ERC20 deposit [36mamount=[0m100000000000000 [36mrecipient=[0m0xF7208401386b1dc834561C92f33910E337bf00c0 [36mresourceID=[0m0x00000000000000000000004f15f11d4689646012722cb556315705259866b400
method deposit executed [36mcontract=[0m0x9141eBa24846567491e1FB535c02085b33306573 [36mtxHash=[0m0x30eba25f9d3e3d330114df64268a7998f73fb9a416b2e9929af45abc978eb37c
0.0001 tokens were transferred to 0xF7208401386b1dc834561C92f33910E337bf00c0 from 0xF7208401386b1dc834561C92f33910E337bf00c0 with hash 0x30eba25f9d3e3d330114df64268a7998f73fb9a416b2e9929af45abc978eb37c
